[2.512s] Invoking command in '/home/pi/ws/src/emli_package': PYTHONPATH=/home/pi/ws/build/emli_package/prefix_override:/home/pi/ws/install/emli_package/lib/python3.10/site-packages:${PYTHONPATH} /usr/bin/python3 -W ignore:setup.py install is deprecated setup.py egg_info --egg-base ../../build/emli_package build --build-base /home/pi/ws/build/emli_package/build install --record /home/pi/ws/build/emli_package/install.log --single-version-externally-managed install_data
[3.395s] running egg_info
[3.397s] writing ../../build/emli_package/emli_package.egg-info/PKG-INFO
[3.401s] writing dependency_links to ../../build/emli_package/emli_package.egg-info/dependency_links.txt
[3.402s] writing entry points to ../../build/emli_package/emli_package.egg-info/entry_points.txt
[3.403s] writing requirements to ../../build/emli_package/emli_package.egg-info/requires.txt
[3.403s] writing top-level names to ../../build/emli_package/emli_package.egg-info/top_level.txt
[3.414s] reading manifest file '../../build/emli_package/emli_package.egg-info/SOURCES.txt'
[3.421s] writing manifest file '../../build/emli_package/emli_package.egg-info/SOURCES.txt'
[3.422s] running build
[3.422s] running build_py
[3.426s] running install
[3.427s] running install_lib
[3.436s] running install_data
[3.438s] running install_egg_info
[3.444s] removing '/home/pi/ws/install/emli_package/lib/python3.10/site-packages/emli_package-0.0.0-py3.10.egg-info' (and everything under it)
[3.446s] Copying ../../build/emli_package/emli_package.egg-info to /home/pi/ws/install/emli_package/lib/python3.10/site-packages/emli_package-0.0.0-py3.10.egg-info
[3.454s] running install_scripts
[3.533s] Installing emli_cpupub_node script to /home/pi/ws/install/emli_package/lib/emli_package
[3.534s] Installing emli_node script to /home/pi/ws/install/emli_package/lib/emli_package
[3.535s] Installing emli_pub_node script to /home/pi/ws/install/emli_package/lib/emli_package
[3.536s] Installing emli_sub_node script to /home/pi/ws/install/emli_package/lib/emli_package
[3.538s] writing list of installed files to '/home/pi/ws/build/emli_package/install.log'
[3.652s] Invoked command in '/home/pi/ws/src/emli_package' returned '0': PYTHONPATH=/home/pi/ws/build/emli_package/prefix_override:/home/pi/ws/install/emli_package/lib/python3.10/site-packages:${PYTHONPATH} /usr/bin/python3 -W ignore:setup.py install is deprecated setup.py egg_info --egg-base ../../build/emli_package build --build-base /home/pi/ws/build/emli_package/build install --record /home/pi/ws/build/emli_package/install.log --single-version-externally-managed install_data
