running egg_info
creating ../../build/emli_package/emli_package.egg-info
writing ../../build/emli_package/emli_package.egg-info/PKG-INFO
writing dependency_links to ../../build/emli_package/emli_package.egg-info/dependency_links.txt
writing entry points to ../../build/emli_package/emli_package.egg-info/entry_points.txt
writing requirements to ../../build/emli_package/emli_package.egg-info/requires.txt
writing top-level names to ../../build/emli_package/emli_package.egg-info/top_level.txt
writing manifest file '../../build/emli_package/emli_package.egg-info/SOURCES.txt'
reading manifest file '../../build/emli_package/emli_package.egg-info/SOURCES.txt'
writing manifest file '../../build/emli_package/emli_package.egg-info/SOURCES.txt'
running build
running build_py
creating /home/pi/ws/build/emli_package/build
creating /home/pi/ws/build/emli_package/build/lib
creating /home/pi/ws/build/emli_package/build/lib/emli_package
copying emli_package/emli_node.py -> /home/pi/ws/build/emli_package/build/lib/emli_package
copying emli_package/__init__.py -> /home/pi/ws/build/emli_package/build/lib/emli_package
copying emli_package/emli_pub_node.py -> /home/pi/ws/build/emli_package/build/lib/emli_package
copying emli_package/emli_cpupub_node.py -> /home/pi/ws/build/emli_package/build/lib/emli_package
copying emli_package/emli_sub_node.py -> /home/pi/ws/build/emli_package/build/lib/emli_package
running install
running install_lib
creating /home/pi/ws/install/emli_package/lib/python3.10/site-packages/emli_package
copying /home/pi/ws/build/emli_package/build/lib/emli_package/emli_node.py -> /home/pi/ws/install/emli_package/lib/python3.10/site-packages/emli_package
copying /home/pi/ws/build/emli_package/build/lib/emli_package/__init__.py -> /home/pi/ws/install/emli_package/lib/python3.10/site-packages/emli_package
copying /home/pi/ws/build/emli_package/build/lib/emli_package/emli_pub_node.py -> /home/pi/ws/install/emli_package/lib/python3.10/site-packages/emli_package
copying /home/pi/ws/build/emli_package/build/lib/emli_package/emli_cpupub_node.py -> /home/pi/ws/install/emli_package/lib/python3.10/site-packages/emli_package
copying /home/pi/ws/build/emli_package/build/lib/emli_package/emli_sub_node.py -> /home/pi/ws/install/emli_package/lib/python3.10/site-packages/emli_package
byte-compiling /home/pi/ws/install/emli_package/lib/python3.10/site-packages/emli_package/emli_node.py to emli_node.cpython-310.pyc
byte-compiling /home/pi/ws/install/emli_package/lib/python3.10/site-packages/emli_package/__init__.py to __init__.cpython-310.pyc
byte-compiling /home/pi/ws/install/emli_package/lib/python3.10/site-packages/emli_package/emli_pub_node.py to emli_pub_node.cpython-310.pyc
byte-compiling /home/pi/ws/install/emli_package/lib/python3.10/site-packages/emli_package/emli_cpupub_node.py to emli_cpupub_node.cpython-310.pyc
byte-compiling /home/pi/ws/install/emli_package/lib/python3.10/site-packages/emli_package/emli_sub_node.py to emli_sub_node.cpython-310.pyc
running install_data
creating /home/pi/ws/install/emli_package/share/ament_index
creating /home/pi/ws/install/emli_package/share/ament_index/resource_index
creating /home/pi/ws/install/emli_package/share/ament_index/resource_index/packages
copying resource/emli_package -> /home/pi/ws/install/emli_package/share/ament_index/resource_index/packages
copying package.xml -> /home/pi/ws/install/emli_package/share/emli_package
running install_egg_info
Copying ../../build/emli_package/emli_package.egg-info to /home/pi/ws/install/emli_package/lib/python3.10/site-packages/emli_package-0.0.0-py3.10.egg-info
running install_scripts
Installing emli_cpupub_node script to /home/pi/ws/install/emli_package/lib/emli_package
Installing emli_node script to /home/pi/ws/install/emli_package/lib/emli_package
Installing emli_pub_node script to /home/pi/ws/install/emli_package/lib/emli_package
Installing emli_sub_node script to /home/pi/ws/install/emli_package/lib/emli_package
writing list of installed files to '/home/pi/ws/build/emli_package/install.log'
