[2.644s] Invoking command in '/home/pi/ws/src/emli_package': PYTHONPATH=/home/pi/ws/build/emli_package/prefix_override:/home/pi/ws/install/emli_package/lib/python3.10/site-packages:${PYTHONPATH} /usr/bin/python3 -W ignore:setup.py install is deprecated setup.py egg_info --egg-base ../../build/emli_package build --build-base /home/pi/ws/build/emli_package/build install --record /home/pi/ws/build/emli_package/install.log --single-version-externally-managed install_data
[3.651s] running egg_info
[3.655s] creating ../../build/emli_package/emli_package.egg-info
[3.655s] writing ../../build/emli_package/emli_package.egg-info/PKG-INFO
[3.656s] writing dependency_links to ../../build/emli_package/emli_package.egg-info/dependency_links.txt
[3.657s] writing entry points to ../../build/emli_package/emli_package.egg-info/entry_points.txt
[3.658s] writing requirements to ../../build/emli_package/emli_package.egg-info/requires.txt
[3.658s] writing top-level names to ../../build/emli_package/emli_package.egg-info/top_level.txt
[3.659s] writing manifest file '../../build/emli_package/emli_package.egg-info/SOURCES.txt'
[3.667s] reading manifest file '../../build/emli_package/emli_package.egg-info/SOURCES.txt'
[3.671s] writing manifest file '../../build/emli_package/emli_package.egg-info/SOURCES.txt'
[3.672s] running build
[3.672s] running build_py
[3.673s] creating /home/pi/ws/build/emli_package/build
[3.674s] creating /home/pi/ws/build/emli_package/build/lib
[3.674s] creating /home/pi/ws/build/emli_package/build/lib/emli_package
[3.675s] copying emli_package/emli_node.py -> /home/pi/ws/build/emli_package/build/lib/emli_package
[3.675s] copying emli_package/__init__.py -> /home/pi/ws/build/emli_package/build/lib/emli_package
[3.676s] copying emli_package/emli_pub_node.py -> /home/pi/ws/build/emli_package/build/lib/emli_package
[3.677s] copying emli_package/emli_cpupub_node.py -> /home/pi/ws/build/emli_package/build/lib/emli_package
[3.678s] copying emli_package/emli_sub_node.py -> /home/pi/ws/build/emli_package/build/lib/emli_package
[3.679s] running install
[3.680s] running install_lib
[3.684s] creating /home/pi/ws/install/emli_package/lib/python3.10/site-packages/emli_package
[3.684s] copying /home/pi/ws/build/emli_package/build/lib/emli_package/emli_node.py -> /home/pi/ws/install/emli_package/lib/python3.10/site-packages/emli_package
[3.685s] copying /home/pi/ws/build/emli_package/build/lib/emli_package/__init__.py -> /home/pi/ws/install/emli_package/lib/python3.10/site-packages/emli_package
[3.686s] copying /home/pi/ws/build/emli_package/build/lib/emli_package/emli_pub_node.py -> /home/pi/ws/install/emli_package/lib/python3.10/site-packages/emli_package
[3.687s] copying /home/pi/ws/build/emli_package/build/lib/emli_package/emli_cpupub_node.py -> /home/pi/ws/install/emli_package/lib/python3.10/site-packages/emli_package
[3.688s] copying /home/pi/ws/build/emli_package/build/lib/emli_package/emli_sub_node.py -> /home/pi/ws/install/emli_package/lib/python3.10/site-packages/emli_package
[3.690s] byte-compiling /home/pi/ws/install/emli_package/lib/python3.10/site-packages/emli_package/emli_node.py to emli_node.cpython-310.pyc
[3.693s] byte-compiling /home/pi/ws/install/emli_package/lib/python3.10/site-packages/emli_package/__init__.py to __init__.cpython-310.pyc
[3.695s] byte-compiling /home/pi/ws/install/emli_package/lib/python3.10/site-packages/emli_package/emli_pub_node.py to emli_pub_node.cpython-310.pyc
[3.697s] byte-compiling /home/pi/ws/install/emli_package/lib/python3.10/site-packages/emli_package/emli_cpupub_node.py to emli_cpupub_node.cpython-310.pyc
[3.699s] byte-compiling /home/pi/ws/install/emli_package/lib/python3.10/site-packages/emli_package/emli_sub_node.py to emli_sub_node.cpython-310.pyc
[3.701s] running install_data
[3.702s] creating /home/pi/ws/install/emli_package/share/ament_index
[3.703s] creating /home/pi/ws/install/emli_package/share/ament_index/resource_index
[3.703s] creating /home/pi/ws/install/emli_package/share/ament_index/resource_index/packages
[3.704s] copying resource/emli_package -> /home/pi/ws/install/emli_package/share/ament_index/resource_index/packages
[3.705s] copying package.xml -> /home/pi/ws/install/emli_package/share/emli_package
[3.705s] running install_egg_info
[3.712s] Copying ../../build/emli_package/emli_package.egg-info to /home/pi/ws/install/emli_package/lib/python3.10/site-packages/emli_package-0.0.0-py3.10.egg-info
[3.718s] running install_scripts
[3.806s] Installing emli_cpupub_node script to /home/pi/ws/install/emli_package/lib/emli_package
[3.806s] Installing emli_node script to /home/pi/ws/install/emli_package/lib/emli_package
[3.807s] Installing emli_pub_node script to /home/pi/ws/install/emli_package/lib/emli_package
[3.808s] Installing emli_sub_node script to /home/pi/ws/install/emli_package/lib/emli_package
[3.810s] writing list of installed files to '/home/pi/ws/build/emli_package/install.log'
[3.944s] Invoked command in '/home/pi/ws/src/emli_package' returned '0': PYTHONPATH=/home/pi/ws/build/emli_package/prefix_override:/home/pi/ws/install/emli_package/lib/python3.10/site-packages:${PYTHONPATH} /usr/bin/python3 -W ignore:setup.py install is deprecated setup.py egg_info --egg-base ../../build/emli_package build --build-base /home/pi/ws/build/emli_package/build install --record /home/pi/ws/build/emli_package/install.log --single-version-externally-managed install_data
