/home/pi/ws/install/emli_package/lib/python3.10/site-packages/emli_package/emli_node.py
/home/pi/ws/install/emli_package/lib/python3.10/site-packages/emli_package/__init__.py
/home/pi/ws/install/emli_package/lib/python3.10/site-packages/emli_package/emli_pub_node.py
/home/pi/ws/install/emli_package/lib/python3.10/site-packages/emli_package/emli_cpupub_node.py
/home/pi/ws/install/emli_package/lib/python3.10/site-packages/emli_package/emli_sub_node.py
/home/pi/ws/install/emli_package/lib/python3.10/site-packages/emli_package/__pycache__/emli_node.cpython-310.pyc
/home/pi/ws/install/emli_package/lib/python3.10/site-packages/emli_package/__pycache__/__init__.cpython-310.pyc
/home/pi/ws/install/emli_package/lib/python3.10/site-packages/emli_package/__pycache__/emli_pub_node.cpython-310.pyc
/home/pi/ws/install/emli_package/lib/python3.10/site-packages/emli_package/__pycache__/emli_cpupub_node.cpython-310.pyc
/home/pi/ws/install/emli_package/lib/python3.10/site-packages/emli_package/__pycache__/emli_sub_node.cpython-310.pyc
/home/pi/ws/install/emli_package/share/ament_index/resource_index/packages/emli_package
/home/pi/ws/install/emli_package/share/emli_package/package.xml
/home/pi/ws/install/emli_package/lib/python3.10/site-packages/emli_package-0.0.0-py3.10.egg-info/SOURCES.txt
/home/pi/ws/install/emli_package/lib/python3.10/site-packages/emli_package-0.0.0-py3.10.egg-info/entry_points.txt
/home/pi/ws/install/emli_package/lib/python3.10/site-packages/emli_package-0.0.0-py3.10.egg-info/zip-safe
/home/pi/ws/install/emli_package/lib/python3.10/site-packages/emli_package-0.0.0-py3.10.egg-info/PKG-INFO
/home/pi/ws/install/emli_package/lib/python3.10/site-packages/emli_package-0.0.0-py3.10.egg-info/dependency_links.txt
/home/pi/ws/install/emli_package/lib/python3.10/site-packages/emli_package-0.0.0-py3.10.egg-info/requires.txt
/home/pi/ws/install/emli_package/lib/python3.10/site-packages/emli_package-0.0.0-py3.10.egg-info/top_level.txt
/home/pi/ws/install/emli_package/lib/emli_package/emli_cpupub_node
/home/pi/ws/install/emli_package/lib/emli_package/emli_node
/home/pi/ws/install/emli_package/lib/emli_package/emli_pub_node
/home/pi/ws/install/emli_package/lib/emli_package/emli_sub_node
